#
# There is insufficient memory for the Java Runtime Environment to continue.
# Native memory allocation (malloc) failed to allocate 1048576 bytes for AllocateHeap
# Possible reasons:
#   The system is out of physical RAM or swap space
#   The process is running with CompressedOops enabled, and the Java Heap may be blocking the growth of the native heap
# Possible solutions:
#   Reduce memory load on the system
#   Increase physical memory or swap space
#   Check if swap backing store is full
#   Decrease Java heap size (-Xmx/-Xms)
#   Decrease number of Java threads
#   Decrease Java thread stack sizes (-Xss)
#   Set larger code cache with -XX:ReservedCodeCacheSize=
#   JVM is running with Unscaled Compressed Oops mode in which the Java heap is
#     placed in the first 4GB address space. The Java Heap base address is the
#     maximum limit for the native heap growth. Please use -XX:HeapBaseMinAddress
#     to set the Java Heap base and to place the Java Heap above 4GB virtual address.
# This output file may be truncated or incomplete.
#
#  Out of Memory Error (allocation.cpp:44), pid=45356, tid=31724
#
# JRE version:  (17.0.8.1+1) (build )
# Java VM: OpenJDK 64-Bit Server VM (17.0.8.1+1-LTS, mixed mode, sharing, tiered, compressed oops, compressed class ptrs, g1 gc, windows-amd64)
# No core dump will be written. Minidumps are not enabled by default on client versions of Windows
#

---------------  S U M M A R Y ------------

Command Line: 

Host: Intel(R) Core(TM) i5-10500T CPU @ 2.30GHz, 12 cores, 15G,  Windows 11 , 64 bit Build 22621 (10.0.22621.5415)
Time: Fri Jul 18 14:28:45 2025 SA Western Standard Time elapsed time: 0.028693 seconds (0d 0h 0m 0s)

---------------  T H R E A D  ---------------

Current thread (0x0000021a4f5360b0):  JavaThread "Unknown thread" [_thread_in_vm, id=31724, stack(0x000000e0efb00000,0x000000e0efc00000)]

Stack: [0x000000e0efb00000,0x000000e0efc00000]
Native frames: (J=compiled Java code, j=interpreted, Vv=VM code, C=native code)
V  [jvm.dll+0x67bf3a]
V  [jvm.dll+0x83a024]
V  [jvm.dll+0x83b7ce]
V  [jvm.dll+0x83be33]
V  [jvm.dll+0x24785f]
V  [jvm.dll+0xa6b2b]
V  [jvm.dll+0x2dbb14]
V  [jvm.dll+0x80bc6c]
V  [jvm.dll+0x36df61]
V  [jvm.dll+0x7eafac]
V  [jvm.dll+0x3f0c8f]
V  [jvm.dll+0x3f28a1]
C  [jli.dll+0x528f]
C  [ucrtbase.dll+0x29333]
C  [KERNEL32.DLL+0x1259d]
C  [ntdll.dll+0x5af78]


---------------  P R O C E S S  ---------------

Threads class SMR info:
_java_thread_list=0x00007ffc7ed33058, length=0, elements={
}

Java Threads: ( => current thread )

Other Threads:

=>0x0000021a4f5360b0 (exited) JavaThread "Unknown thread" [_thread_in_vm, id=31724, stack(0x000000e0efb00000,0x000000e0efc00000)]

Threads with active compile tasks:

VM state: not at safepoint (not fully initialized)

VM Mutex/Monitor currently owned by a thread: None

Heap address: 0x0000000000000000, size: 0 MB, Compressed Oops mode: 32-bit

CDS archive(s) mapped at: [0x0000000000000000-0x0000000000000000-0x0000000000000000), size 0, SharedBaseAddress: 0x0000000800000000, ArchiveRelocationMode: 1.
Narrow klass base: 0x0000000000000000, Narrow klass shift: 0, Narrow klass range: 0x0

GC Precious Log:
<Empty>

GC Heap History (0 events):
No events

Dll operation events (1 events):
Event: 0.022 Loaded shared library C:\Program Files (x86)\Android\openjdk\jdk-17.0.8.101-hotspot\bin\java.dll

Deoptimization events (0 events):
No events

Classes unloaded (0 events):
No events

Classes redefined (0 events):
No events

Internal exceptions (0 events):
No events

VM Operations (0 events):
No events

Events (0 events):
No events


Dynamic libraries:
0x00007ff72bb10000 - 0x00007ff72bb1e000 	C:\Program Files (x86)\Android\openjdk\jdk-17.0.8.101-hotspot\bin\java.exe
0x00007ffd12b30000 - 0x00007ffd12d47000 	C:\WINDOWS\SYSTEM32\ntdll.dll
0x00007ffd123d0000 - 0x00007ffd12494000 	C:\WINDOWS\System32\KERNEL32.DLL
0x00007ffd0fff0000 - 0x00007ffd103c2000 	C:\WINDOWS\System32\KERNELBASE.dll
0x00007ffd103d0000 - 0x00007ffd104e1000 	C:\WINDOWS\System32\ucrtbase.dll
0x00007ffcdb8f0000 - 0x00007ffcdb90b000 	C:\Program Files (x86)\Android\openjdk\jdk-17.0.8.101-hotspot\bin\VCRUNTIME140.dll
0x00007ffcd3a00000 - 0x00007ffcd3a17000 	C:\Program Files (x86)\Android\openjdk\jdk-17.0.8.101-hotspot\bin\jli.dll
0x00007ffd111c0000 - 0x00007ffd11371000 	C:\WINDOWS\System32\USER32.dll
0x00007ffcef520000 - 0x00007ffcef7bb000 	C:\WINDOWS\WinSxS\amd64_microsoft.windows.common-controls_6595b64144ccf1df_6.0.22621.5415_none_270d77d17387d7da\COMCTL32.dll
0x00007ffd0ffc0000 - 0x00007ffd0ffe6000 	C:\WINDOWS\System32\win32u.dll
0x00007ffd12090000 - 0x00007ffd120b9000 	C:\WINDOWS\System32\GDI32.dll
0x00007ffd12610000 - 0x00007ffd126b7000 	C:\WINDOWS\System32\msvcrt.dll
0x00007ffd104f0000 - 0x00007ffd10613000 	C:\WINDOWS\System32\gdi32full.dll
0x00007ffd10720000 - 0x00007ffd107ba000 	C:\WINDOWS\System32\msvcp_win.dll
0x00007ffd11400000 - 0x00007ffd11431000 	C:\WINDOWS\System32\IMM32.DLL
0x0000021a4f470000 - 0x0000021a4f486000 	C:\WINDOWS\System32\umppc19706.dll
0x0000021a4f4b0000 - 0x0000021a4f4c3000 	C:\WINDOWS\System32\CsXumd64_19706.dll
0x00007ffcde870000 - 0x00007ffcde87c000 	C:\Program Files (x86)\Android\openjdk\jdk-17.0.8.101-hotspot\bin\vcruntime140_1.dll
0x00007ffca3a20000 - 0x00007ffca3aad000 	C:\Program Files (x86)\Android\openjdk\jdk-17.0.8.101-hotspot\bin\msvcp140.dll
0x00007ffc7e200000 - 0x00007ffc7ee65000 	C:\Program Files (x86)\Android\openjdk\jdk-17.0.8.101-hotspot\bin\server\jvm.dll
0x00007ffd107c0000 - 0x00007ffd10871000 	C:\WINDOWS\System32\ADVAPI32.dll
0x00007ffd110c0000 - 0x00007ffd11168000 	C:\WINDOWS\System32\sechost.dll
0x00007ffd0ff90000 - 0x00007ffd0ffb8000 	C:\WINDOWS\System32\bcrypt.dll
0x00007ffd121d0000 - 0x00007ffd122e4000 	C:\WINDOWS\System32\RPCRT4.dll
0x00007ffd0f4b0000 - 0x00007ffd0f4fd000 	C:\WINDOWS\SYSTEM32\POWRPROF.dll
0x00007ffcf1e70000 - 0x00007ffcf1e79000 	C:\WINDOWS\SYSTEM32\WSOCK32.dll
0x00007ffd12830000 - 0x00007ffd128a1000 	C:\WINDOWS\System32\WS2_32.dll
0x00007ffcf40a0000 - 0x00007ffcf40d4000 	C:\WINDOWS\SYSTEM32\WINMM.dll
0x00007ffd09c50000 - 0x00007ffd09c5a000 	C:\WINDOWS\SYSTEM32\VERSION.dll
0x00007ffd0f450000 - 0x00007ffd0f463000 	C:\WINDOWS\SYSTEM32\UMPDC.dll
0x00007ffd0eb30000 - 0x00007ffd0eb48000 	C:\WINDOWS\SYSTEM32\kernel.appcore.dll
0x00007ffcdbb20000 - 0x00007ffcdbb2a000 	C:\Program Files (x86)\Android\openjdk\jdk-17.0.8.101-hotspot\bin\jimage.dll
0x00007ffcf0f10000 - 0x00007ffcf1143000 	C:\WINDOWS\SYSTEM32\DBGHELP.DLL
0x00007ffd10880000 - 0x00007ffd10c13000 	C:\WINDOWS\System32\combase.dll
0x00007ffd11440000 - 0x00007ffd11517000 	C:\WINDOWS\System32\OLEAUT32.dll
0x00007ffcf0de0000 - 0x00007ffcf0e12000 	C:\WINDOWS\SYSTEM32\dbgcore.DLL
0x00007ffd106a0000 - 0x00007ffd1071b000 	C:\WINDOWS\System32\bcryptPrimitives.dll
0x00007ffcd1090000 - 0x00007ffcd10b5000 	C:\Program Files (x86)\Android\openjdk\jdk-17.0.8.101-hotspot\bin\java.dll

dbghelp: loaded successfully - version: 4.0.5 - missing functions: none
symbol engine: initialized successfully - sym options: 0x614 - pdb path: .;C:\Program Files (x86)\Android\openjdk\jdk-17.0.8.101-hotspot\bin;C:\WINDOWS\SYSTEM32;C:\WINDOWS\WinSxS\amd64_microsoft.windows.common-controls_6595b64144ccf1df_6.0.22621.5415_none_270d77d17387d7da;C:\Program Files (x86)\Android\openjdk\jdk-17.0.8.101-hotspot\bin\server

VM Arguments:
java_command: <unknown>
java_class_path (initial): <not set>
Launcher Type: SUN_STANDARD

[Global flags]
     intx CICompilerCount                          = 4                                         {product} {ergonomic}
     uint ConcGCThreads                            = 3                                         {product} {ergonomic}
     uint G1ConcRefinementThreads                  = 10                                        {product} {ergonomic}
   size_t G1HeapRegionSize                         = 2097152                                   {product} {ergonomic}
    uintx GCDrainStackTargetSize                   = 64                                        {product} {ergonomic}
   size_t InitialHeapSize                          = 266338304                                 {product} {ergonomic}
   size_t MarkStackSize                            = 4194304                                   {product} {ergonomic}
   size_t MaxHeapSize                              = 4236247040                                {product} {ergonomic}
   size_t MinHeapDeltaBytes                        = 2097152                                   {product} {ergonomic}
   size_t MinHeapSize                              = 8388608                                   {product} {ergonomic}
    uintx NonNMethodCodeHeapSize                   = 5839372                                {pd product} {ergonomic}
    uintx NonProfiledCodeHeapSize                  = 122909434                              {pd product} {ergonomic}
    uintx ProfiledCodeHeapSize                     = 122909434                              {pd product} {ergonomic}
    uintx ReservedCodeCacheSize                    = 251658240                              {pd product} {ergonomic}
     bool SegmentedCodeCache                       = true                                      {product} {ergonomic}
   size_t SoftMaxHeapSize                          = 4236247040                             {manageable} {ergonomic}
     bool UseCompressedClassPointers               = true                           {product lp64_product} {ergonomic}
     bool UseCompressedOops                        = true                           {product lp64_product} {ergonomic}
     bool UseG1GC                                  = true                                      {product} {ergonomic}
     bool UseLargePagesIndividualAllocation        = false                                  {pd product} {ergonomic}

Logging:
Log output configuration:
 #0: stdout all=warning uptime,level,tags
 #1: stderr all=off uptime,level,tags

Environment Variables:
PATH=C:\Program Files (x86)\Android\openjdk\jdk-17.0.8.101-hotspot\bin;C:\WINDOWS\system32;C:\WINDOWS;C:\WINDOWS\System32\Wbem;C:\WINDOWS\System32\WindowsPowerShell\v1.0\;C:\WINDOWS\System32\OpenSSH\;C:\Program Files\Microsoft SQL Server\150\Tools\Binn\;C:\Program Files\Microsoft SQL Server\Client SDK\ODBC\170\Tools\Binn\;C:\Program Files\dotnet\;C:\Program Files\Git\cmd;C:\Users\3898272\AppData\Local\Microsoft\WindowsApps;C:\Users\3898272\AppData\Local\GitHubDesktop\bin;C:\Users\3898272\AppData\Local\Programs\Azure Data Studio\bin;C:\Users\3898272\.dotnet\tools
USERNAME=3898272
OS=Windows_NT
PROCESSOR_IDENTIFIER=Intel64 Family 6 Model 165 Stepping 3, GenuineIntel
TMP=C:\Users\3898272\AppData\Local\Temp
TEMP=C:\Users\3898272\AppData\Local\Temp



---------------  S Y S T E M  ---------------

OS:
 Windows 11 , 64 bit Build 22621 (10.0.22621.5415)
OS uptime: 4 days 6:34 hours
Hyper-V role detected

CPU: total 12 (initial active 12) (6 cores per cpu, 2 threads per core) family 6 model 165 stepping 3 microcode 0xfa, cx8, cmov, fxsr, ht, mmx, 3dnowpref, sse, sse2, sse3, ssse3, sse4.1, sse4.2, popcnt, lzcnt, tsc, tscinvbit, avx, avx2, aes, erms, clmul, bmi1, bmi2, adx, fma, vzeroupper, clflush, clflushopt, hv
Processor Information for all 12 processors :
  Max Mhz: 2304, Current Mhz: 2304, Mhz Limit: 2304

Memory: 4k page, system-wide physical 16159M (586M free)
TotalPageFile size 33288M (AvailPageFile size 11M)
current process WorkingSet (physical memory assigned to process): 11M, peak: 11M
current process commit charge ("private bytes"): 11M, peak: 12M

vm_info: OpenJDK 64-Bit Server VM (17.0.8.1+1-LTS) for windows-amd64 JRE (17.0.8.1+1-LTS), built on Aug 23 2023 17:38:52 by "MicrosoftCorporation" with MS VC++ 16.10 / 16.11 (VS2019)

END.
